<?xml version="1.0" encoding="UTF-8"?>
<testsuite name="com.aventurasdemarcoyluis.attacks.JumpAttackTest" tests="3" skipped="0" failures="0" errors="0" timestamp="2021-09-30T08:59:23" hostname="LAPTOP-BPDICMJD" time="0.003">
  <properties/>
  <testcase name="hurts()" classname="com.aventurasdemarcoyluis.attacks.JumpAttackTest" time="0.0"/>
  <testcase name="hurtsBooTest()" classname="com.aventurasdemarcoyluis.attacks.JumpAttackTest" time="0.001"/>
  <testcase name="hurtsSpinyTest()" classname="com.aventurasdemarcoyluis.attacks.JumpAttackTest" time="0.001"/>
  <system-out><![CDATA[]]></system-out>
  <system-err><![CDATA[]]></system-err>
</testsuite>
