<?xml version="1.0" encoding="UTF-8"?>
<testsuite name="com.aventurasdemarcoyluis.abstract_classes.AbstractPlayerTest" tests="1" skipped="0" failures="0" errors="0" timestamp="2021-09-30T04:31:16" hostname="LAPTOP-BPDICMJD" time="0.014">
  <properties/>
  <testcase name="canAttack()" classname="com.aventurasdemarcoyluis.abstract_classes.AbstractPlayerTest" time="0.014"/>
  <system-out><![CDATA[]]></system-out>
  <system-err><![CDATA[]]></system-err>
</testsuite>
