<?xml version="1.0" encoding="UTF-8"?>
<testsuite name="com.aventurasdemarcoyluis.model.items.BaulTest" tests="2" skipped="0" failures="0" errors="0" timestamp="2021-10-23T23:32:17" hostname="LAPTOP-BPDICMJD" time="0.003">
  <properties/>
  <testcase name="baulEmptyCompleteTest()" classname="com.aventurasdemarcoyluis.model.items.BaulTest" time="0.002"/>
  <testcase name="baulCompleteTest()" classname="com.aventurasdemarcoyluis.model.items.BaulTest" time="0.001"/>
  <system-out><![CDATA[Marco ha usado Honey Syrup
Marco ha usado Honey Syrup
Marco ha usado Honey Syrup
Marco ha usado Red Mushroom
Marco ha usado Red Mushroom
Marco ha usado Honey Syrup
Marco ha usado Honey Syrup
Marco ha usado Honey Syrup
Marco ha usado Red Mushroom
Marco ha usado Red Mushroom
]]></system-out>
  <system-err><![CDATA[]]></system-err>
</testsuite>
