<?xml version="1.0" encoding="UTF-8"?>
<testsuite name="com.aventurasdemarcoyluis.model.players.MarcoTest" tests="4" skipped="0" failures="0" errors="0" timestamp="2021-11-09T02:17:04" hostname="LAPTOP-BPDICMJD" time="0.004">
  <properties/>
  <testcase name="attackedBySpiny()" classname="com.aventurasdemarcoyluis.model.players.MarcoTest" time="0.0"/>
  <testcase name="attack()" classname="com.aventurasdemarcoyluis.model.players.MarcoTest" time="0.001"/>
  <testcase name="attackedByGoomba()" classname="com.aventurasdemarcoyluis.model.players.MarcoTest" time="0.001"/>
  <testcase name="isLuis()" classname="com.aventurasdemarcoyluis.model.players.MarcoTest" time="0.0"/>
  <system-out><![CDATA[]]></system-out>
  <system-err><![CDATA[]]></system-err>
</testsuite>
