<?xml version="1.0" encoding="UTF-8"?>
<testsuite name="com.aventurasdemarcoyluis.players.MarcoTest" tests="3" skipped="0" failures="0" errors="0" timestamp="2021-10-23T14:56:37" hostname="LAPTOP-BPDICMJD" time="0.034">
  <properties/>
  <testcase name="attackedBySpiny()" classname="com.aventurasdemarcoyluis.players.MarcoTest" time="0.025"/>
  <testcase name="attack()" classname="com.aventurasdemarcoyluis.players.MarcoTest" time="0.004"/>
  <testcase name="attackedByGoomba()" classname="com.aventurasdemarcoyluis.players.MarcoTest" time="0.003"/>
  <system-out><![CDATA[Marco es atacado por Spiny y recibe 2 de daño
Marco es atacado por Spiny y recibe 2 de daño
Marco es atacado por Spiny y recibe 2 de daño
Marco es atacado por Spiny y recibe 2 de daño
Marco es atacado por Spiny y recibe 2 de daño
Marco es atacado por Spiny y recibe 2 de daño
Marco usa Martillo y le hace 21 de daño a Goomba
Marco usa Martillo y le hace 21 de daño a Goomba
Marco usa Martillo y le hace 45 de daño a Spiny
Se ha esquivado el ataque
Marco usa Salto y le hace 14 de daño a Goomba
Marco usa Salto y le hace 14 de daño a Goomba
Marco usa Salto y le hace 14 de daño a Goomba
Marco usa Salto y le hace 14 de daño a Goomba
Spiny se protege con sus pinchos
Spiny le hace 3 de daño a Marco con sus pinchos
Spiny se protege con sus pinchos
Spiny le hace 3 de daño a Marco con sus pinchos
Spiny se protege con sus pinchos
Spiny le hace 3 de daño a Marco con sus pinchos
Spiny se protege con sus pinchos
Spiny le hace 3 de daño a Marco con sus pinchos
Marco usa Salto y le hace 22 de daño a Boo
Marco no puede atacar
Spiny se protege con sus pinchos
Spiny le hace 2 de daño a Marco con sus pinchos
Marco no puede atacar
Spiny se protege con sus pinchos
Spiny le hace 2 de daño a Marco con sus pinchos
Marco no puede atacar
Marco no puede atacar
Marco es atacado por Goomba y recibe 29 de daño
Marco es atacado por Goomba y recibe 29 de daño
Marco es atacado por Goomba y recibe 29 de daño
Marco es atacado por Goomba y recibe 29 de daño
]]></system-out>
  <system-err><![CDATA[]]></system-err>
</testsuite>
