<?xml version="1.0" encoding="UTF-8"?>
<testsuite name="com.aventurasdemarcoyluis.model.players.MarcoTest" tests="1" skipped="0" failures="0" errors="0" timestamp="2021-10-24T04:31:01" hostname="LAPTOP-BPDICMJD" time="0.022">
  <properties/>
  <testcase name="attack()" classname="com.aventurasdemarcoyluis.model.players.MarcoTest" time="0.022"/>
  <system-out><![CDATA[Marco usa Martillo y le hace 21 de daño a Goomba
Marco usa Martillo, pero ha fallado
Marco usa Martillo, pero ha fallado
Marco usa Martillo y le hace 21 de daño a Goomba
Marco usa Martillo y le hace 45 de daño a Spiny
Se ha esquivado el ataque
Marco usa Salto y le hace 14 de daño a Goomba
Marco usa Salto y le hace 14 de daño a Goomba
Marco usa Salto y le hace 14 de daño a Goomba
Marco usa Salto y le hace 14 de daño a Goomba
Spiny se protege con sus pinchos
Spiny le hace 3 de daño a Marco con sus pinchos
Spiny se protege con sus pinchos
Spiny le hace 3 de daño a Marco con sus pinchos
Spiny se protege con sus pinchos
Spiny le hace 3 de daño a Marco con sus pinchos
Spiny se protege con sus pinchos
Spiny le hace 3 de daño a Marco con sus pinchos
Marco usa Salto y le hace 22 de daño a Boo
Marco no puede atacar
Spiny se protege con sus pinchos
Spiny le hace 2 de daño a Marco con sus pinchos
Marco no puede atacar
Spiny se protege con sus pinchos
Spiny le hace 2 de daño a Marco con sus pinchos
Marco no puede atacar
Marco no puede atacar
]]></system-out>
  <system-err><![CDATA[]]></system-err>
</testsuite>
