<?xml version="1.0" encoding="UTF-8"?>
<testsuite name="com.aventurasdemarcoyluis.abstract_classes.TestAll" tests="1" skipped="0" failures="0" errors="0" timestamp="2021-09-30T07:14:37" hostname="LAPTOP-BPDICMJD" time="0.001">
  <properties/>
  <testcase name="testEntities()" classname="com.aventurasdemarcoyluis.abstract_classes.TestAll" time="0.001"/>
  <system-out><![CDATA[]]></system-out>
  <system-err><![CDATA[]]></system-err>
</testsuite>
