<?xml version="1.0" encoding="UTF-8"?>
<testsuite name="com.aventurasdemarcoyluis.abstract_classes.AbstractAttackTypeTest" tests="2" skipped="0" failures="0" errors="0" timestamp="2021-09-30T08:55:57" hostname="LAPTOP-BPDICMJD" time="0.023">
  <properties/>
  <testcase name="testHashCode()" classname="com.aventurasdemarcoyluis.abstract_classes.AbstractAttackTypeTest" time="0.02"/>
  <testcase name="testEquals()" classname="com.aventurasdemarcoyluis.abstract_classes.AbstractAttackTypeTest" time="0.002"/>
  <system-out><![CDATA[]]></system-out>
  <system-err><![CDATA[]]></system-err>
</testsuite>
