<?xml version="1.0" encoding="UTF-8"?>
<testsuite name="com.aventurasdemarcoyluis.abstract_classes.AbstractAttackTypeTest" tests="2" skipped="0" failures="0" errors="0" timestamp="2021-10-01T00:42:56" hostname="LAPTOP-BPDICMJD" time="0.044">
  <properties/>
  <testcase name="testHashCode()" classname="com.aventurasdemarcoyluis.abstract_classes.AbstractAttackTypeTest" time="0.04"/>
  <testcase name="testEquals()" classname="com.aventurasdemarcoyluis.abstract_classes.AbstractAttackTypeTest" time="0.003"/>
  <system-out><![CDATA[]]></system-out>
  <system-err><![CDATA[]]></system-err>
</testsuite>
