<?xml version="1.0" encoding="UTF-8"?>
<testsuite name="com.aventurasdemarcoyluis.enemies.SpinyTest" tests="1" skipped="0" failures="0" errors="0" timestamp="2021-10-01T01:00:18" hostname="LAPTOP-BPDICMJD" time="0.018">
  <properties/>
  <testcase name="attack()" classname="com.aventurasdemarcoyluis.enemies.SpinyTest" time="0.018"/>
  <system-out><![CDATA[]]></system-out>
  <system-err><![CDATA[]]></system-err>
</testsuite>
