<?xml version="1.0" encoding="UTF-8"?>
<testsuite name="com.aventurasdemarcoyluis.enemies.GoombaTest" tests="1" skipped="0" failures="0" errors="0" timestamp="2021-10-01T01:53:38" hostname="LAPTOP-BPDICMJD" time="0.001">
  <properties/>
  <testcase name="attackTest()" classname="com.aventurasdemarcoyluis.enemies.GoombaTest" time="0.001"/>
  <system-out><![CDATA[]]></system-out>
  <system-err><![CDATA[]]></system-err>
</testsuite>
