<?xml version="1.0" encoding="UTF-8"?>
<testsuite name="com.aventurasdemarcoyluis.enemies.BooTest" tests="1" skipped="0" failures="0" errors="0" timestamp="2021-10-23T22:58:58" hostname="LAPTOP-BPDICMJD" time="0.012">
  <properties/>
  <testcase name="attackTest()" classname="com.aventurasdemarcoyluis.enemies.BooTest" time="0.012"/>
  <system-out><![CDATA[Luis es atacado por Boo y recibe 23 de daÃ±o
Boo no puede atacar
]]></system-out>
  <system-err><![CDATA[]]></system-err>
</testsuite>
