<?xml version="1.0" encoding="UTF-8"?>
<testsuite name="com.aventurasdemarcoyluis.attacks.HammerAttackTest" tests="4" skipped="0" failures="0" errors="0" timestamp="2021-10-01T00:42:56" hostname="LAPTOP-BPDICMJD" time="0.014">
  <properties/>
  <testcase name="attackFailedTest()" classname="com.aventurasdemarcoyluis.attacks.HammerAttackTest" time="0.004"/>
  <testcase name="hurtsTest()" classname="com.aventurasdemarcoyluis.attacks.HammerAttackTest" time="0.007"/>
  <testcase name="hurtsBooTest()" classname="com.aventurasdemarcoyluis.attacks.HammerAttackTest" time="0.001"/>
  <testcase name="hurtsSpinyTest()" classname="com.aventurasdemarcoyluis.attacks.HammerAttackTest" time="0.0"/>
  <system-out><![CDATA[Se ha esquivado el ataque
Se ha esquivado el ataque
Se ha esquivado el ataque
]]></system-out>
  <system-err><![CDATA[]]></system-err>
</testsuite>
