<?xml version="1.0" encoding="UTF-8"?>
<testsuite name="com.aventurasdemarcoyluis.players.MarcoTest" tests="3" skipped="0" failures="0" errors="0" timestamp="2021-10-01T04:28:08" hostname="LAPTOP-BPDICMJD" time="0.004">
  <properties/>
  <testcase name="attackedBySpiny()" classname="com.aventurasdemarcoyluis.players.MarcoTest" time="0.0"/>
  <testcase name="attack()" classname="com.aventurasdemarcoyluis.players.MarcoTest" time="0.002"/>
  <testcase name="attackedByGoomba()" classname="com.aventurasdemarcoyluis.players.MarcoTest" time="0.001"/>
  <system-out><![CDATA[Se ha esquivado el ataque
Spiny se protege con sus pinchos
Spiny se protege con sus pinchos
Spiny se protege con sus pinchos
Spiny se protege con sus pinchos
Spiny se protege con sus pinchos
Spiny se protege con sus pinchos
]]></system-out>
  <system-err><![CDATA[]]></system-err>
</testsuite>
