<?xml version="1.0" encoding="UTF-8"?>
<testsuite name="com.aventurasdemarcoyluis.model.enemies.GoombaTest" tests="3" skipped="0" failures="0" errors="0" timestamp="2021-11-09T02:17:04" hostname="LAPTOP-BPDICMJD" time="0.003">
  <properties/>
  <testcase name="attackTest()" classname="com.aventurasdemarcoyluis.model.enemies.GoombaTest" time="0.001"/>
  <testcase name="isBoo()" classname="com.aventurasdemarcoyluis.model.enemies.GoombaTest" time="0.001"/>
  <testcase name="isSpiny()" classname="com.aventurasdemarcoyluis.model.enemies.GoombaTest" time="0.001"/>
  <system-out><![CDATA[]]></system-out>
  <system-err><![CDATA[]]></system-err>
</testsuite>
