<?xml version="1.0" encoding="UTF-8"?>
<testsuite name="com.aventurasdemarcoyluis.players.LuisTest" tests="4" skipped="0" failures="0" errors="0" timestamp="2021-10-23T22:58:58" hostname="LAPTOP-BPDICMJD" time="0.013">
  <properties/>
  <testcase name="attackTest()" classname="com.aventurasdemarcoyluis.players.LuisTest" time="0.006"/>
  <testcase name="attackedBySpinyTest()" classname="com.aventurasdemarcoyluis.players.LuisTest" time="0.002"/>
  <testcase name="attackedByGoombaTest()" classname="com.aventurasdemarcoyluis.players.LuisTest" time="0.002"/>
  <testcase name="attackedByBooTest()" classname="com.aventurasdemarcoyluis.players.LuisTest" time="0.002"/>
  <system-out><![CDATA[Luis usa Martillo, pero ha fallado
Luis usa Martillo y le hace 23 de daño a Goomba
Luis usa Martillo, pero ha fallado
Luis usa Salto y le hace 15 de daño a Goomba
Luis usa Salto y le hace 15 de daño a Goomba
Luis usa Salto y le hace 15 de daño a Goomba
Luis usa Salto y le hace 15 de daño a Goomba
Luis no puede atacar
Spiny se protege con sus pinchos
Spiny le hace 3 de daño a Luis con sus pinchos
Spiny se protege con sus pinchos
Spiny le hace 3 de daño a Luis con sus pinchos
Luis no puede atacar
Spiny se protege con sus pinchos
Spiny le hace 3 de daño a Luis con sus pinchos
Luis no puede atacar
Luis no puede atacar
Luis no puede atacar
Luis es atacado por Spiny y recibe 4 de daño
Luis es atacado por Spiny y recibe 4 de daño
Luis es atacado por Spiny y recibe 4 de daño
Luis es atacado por Spiny y recibe 4 de daño
Luis es atacado por Spiny y recibe 4 de daño
Luis es atacado por Spiny y recibe 4 de daño
Luis es atacado por Goomba y recibe 30 de daño
Luis es atacado por Goomba y recibe 30 de daño
Luis es atacado por Goomba y recibe 30 de daño
Luis es atacado por Boo y recibe 11 de daño
Luis es atacado por Boo y recibe 11 de daño
Luis es atacado por Boo y recibe 11 de daño
Luis es atacado por Boo y recibe 11 de daño
Luis es atacado por Boo y recibe 11 de daño
Luis es atacado por Boo y recibe 11 de daño
]]></system-out>
  <system-err><![CDATA[]]></system-err>
</testsuite>
