<?xml version="1.0" encoding="UTF-8"?>
<testsuite name="com.aventurasdemarcoyluis.attacks.HammerAttackTest" tests="4" skipped="0" failures="0" errors="0" timestamp="2021-09-30T08:55:57" hostname="LAPTOP-BPDICMJD" time="0.006">
  <properties/>
  <testcase name="attackFailedTest()" classname="com.aventurasdemarcoyluis.attacks.HammerAttackTest" time="0.002"/>
  <testcase name="hurtsTest()" classname="com.aventurasdemarcoyluis.attacks.HammerAttackTest" time="0.0"/>
  <testcase name="hurtsBooTest()" classname="com.aventurasdemarcoyluis.attacks.HammerAttackTest" time="0.0"/>
  <testcase name="hurtsSpinyTest()" classname="com.aventurasdemarcoyluis.attacks.HammerAttackTest" time="0.001"/>
  <system-out><![CDATA[]]></system-out>
  <system-err><![CDATA[]]></system-err>
</testsuite>
