<?xml version="1.0" encoding="UTF-8"?>
<testsuite name="com.aventurasdemarcoyluis.controller.GameControllerTest" tests="2" skipped="0" failures="0" errors="0" timestamp="2021-11-09T02:17:04" hostname="LAPTOP-BPDICMJD" time="0.101">
  <properties/>
  <testcase name="escenarioNotWinnable()" classname="com.aventurasdemarcoyluis.controller.GameControllerTest" time="0.074"/>
  <testcase name="escenarioWinnable()" classname="com.aventurasdemarcoyluis.controller.GameControllerTest" time="0.026"/>
  <system-out><![CDATA[]]></system-out>
  <system-err><![CDATA[]]></system-err>
</testsuite>
