<?xml version="1.0" encoding="UTF-8"?>
<testsuite name="com.aventurasdemarcoyluis.attacks.HammerAttackTest" tests="3" skipped="0" failures="0" errors="0" timestamp="2021-09-30T07:14:37" hostname="LAPTOP-BPDICMJD" time="0.008">
  <properties/>
  <testcase name="hurtsSpiny()" classname="com.aventurasdemarcoyluis.attacks.HammerAttackTest" time="0.001"/>
  <testcase name="attackFailed()" classname="com.aventurasdemarcoyluis.attacks.HammerAttackTest" time="0.004"/>
  <testcase name="hurtsBoo()" classname="com.aventurasdemarcoyluis.attacks.HammerAttackTest" time="0.001"/>
  <system-out><![CDATA[]]></system-out>
  <system-err><![CDATA[]]></system-err>
</testsuite>
