<?xml version="1.0" encoding="UTF-8"?>
<testsuite name="com.aventurasdemarcoyluis.abstract_classes.AbstractEnemyTest" tests="1" skipped="0" failures="0" errors="0" timestamp="2021-10-01T04:28:08" hostname="LAPTOP-BPDICMJD" time="0.004">
  <properties/>
  <testcase name="damageToHurt()" classname="com.aventurasdemarcoyluis.abstract_classes.AbstractEnemyTest" time="0.004"/>
  <system-out><![CDATA[]]></system-out>
  <system-err><![CDATA[]]></system-err>
</testsuite>
