<?xml version="1.0" encoding="UTF-8"?>
<testsuite name="com.aventurasdemarcoyluis.model.abstract_classes.AbstractAttackTypeTest" tests="3" skipped="0" failures="0" errors="0" timestamp="2021-12-06T02:19:33" hostname="LAPTOP-BPDICMJD" time="0.01">
  <properties/>
  <testcase name="getNameTest()" classname="com.aventurasdemarcoyluis.model.abstract_classes.AbstractAttackTypeTest" time="0.004"/>
  <testcase name="testHashCode()" classname="com.aventurasdemarcoyluis.model.abstract_classes.AbstractAttackTypeTest" time="0.002"/>
  <testcase name="testEquals()" classname="com.aventurasdemarcoyluis.model.abstract_classes.AbstractAttackTypeTest" time="0.001"/>
  <system-out><![CDATA[]]></system-out>
  <system-err><![CDATA[]]></system-err>
</testsuite>
