<?xml version="1.0" encoding="UTF-8"?>
<testsuite name="com.aventurasdemarcoyluis.enemies.BooTest" tests="1" skipped="0" failures="0" errors="0" timestamp="2021-10-01T01:49:48" hostname="LAPTOP-BPDICMJD" time="0.0">
  <properties/>
  <testcase name="attackTest()" classname="com.aventurasdemarcoyluis.enemies.BooTest" time="0.0"/>
  <system-out><![CDATA[]]></system-out>
  <system-err><![CDATA[]]></system-err>
</testsuite>
