<?xml version="1.0" encoding="UTF-8"?>
<testsuite name="com.aventurasdemarcoyluis.controller.GameControllerTest" tests="2" skipped="0" failures="0" errors="0" timestamp="2021-12-05T18:40:26" hostname="LAPTOP-BPDICMJD" time="0.123">
  <properties/>
  <testcase name="escenarioNotWinnable()" classname="com.aventurasdemarcoyluis.controller.GameControllerTest" time="0.064"/>
  <testcase name="escenarioWinnable()" classname="com.aventurasdemarcoyluis.controller.GameControllerTest" time="0.057"/>
  <system-out><![CDATA[=======================================================
Nivel de Batalla: 1
Marco | nivel: 17, ataque: 15, defensa: 17, vida: 69, fp: 8
Luis | nivel: 15, ataque: 17, defensa: 14, vida: 72, fp: 10
Estas ocupando a Marco
Presiona 0 para atacar, 1 para elegir un item y 2 para pasar
Estas ocupando a Luis
Presiona 0 para atacar, 1 para elegir un item y 2 para pasar
Boo ataca a Luis | Vida Previa Luis: 72, Vida Nueva Luis: 58
Spiny ataca a Luis | Vida Previa Luis: 58, Vida Nueva Luis: 44
Goomba ataca a Luis | Vida Previa Luis: 44, Vida Nueva Luis: 30
=======================================================
Ronda 2
Marco | nivel: 17, ataque: 15, defensa: 17, vida: 69, fp: 8
Luis | nivel: 15, ataque: 17, defensa: 14, vida: 30, fp: 10
Estas ocupando a Marco
Presiona 0 para atacar, 1 para elegir un item y 2 para pasar
Estas ocupando a Luis
Presiona 0 para atacar, 1 para elegir un item y 2 para pasar
Boo no puede atacar a Marco!
Spiny ataca a Luis | Vida Previa Luis: 30, Vida Nueva Luis: 16
Goomba ataca a Marco | Vida Previa Marco: 69, Vida Nueva Marco: 58
=======================================================
Ronda 3
Marco | nivel: 17, ataque: 15, defensa: 17, vida: 58, fp: 8
Luis | nivel: 15, ataque: 17, defensa: 14, vida: 16, fp: 10
Estas ocupando a Marco
Presiona 0 para atacar, 1 para elegir un item y 2 para pasar
Estas ocupando a Luis
Presiona 0 para atacar, 1 para elegir un item y 2 para pasar
Boo ataca a Luis | Vida Previa Luis: 16, Vida Nueva Luis: 2
Spiny ataca a Marco | Vida Previa Marco: 58, Vida Nueva Marco: 47
Goomba ataca a Marco | Vida Previa Marco: 47, Vida Nueva Marco: 36
=======================================================
Ronda 4
Marco | nivel: 17, ataque: 15, defensa: 17, vida: 36, fp: 8
Luis | nivel: 15, ataque: 17, defensa: 14, vida: 2, fp: 10
Estas ocupando a Marco
Presiona 0 para atacar, 1 para elegir un item y 2 para pasar
Estas ocupando a Luis
Presiona 0 para atacar, 1 para elegir un item y 2 para pasar
Boo no puede atacar a Marco!
Spiny ataca a Marco | Vida Previa Marco: 36, Vida Nueva Marco: 25
Goomba ataca a Luis | Vida Previa Luis: 2, Vida Nueva Luis: 0
Boo no puede atacar a Marco!
Spiny ataca a Marco | Vida Previa Marco: 25, Vida Nueva Marco: 14
Goomba ataca a Marco | Vida Previa Marco: 14, Vida Nueva Marco: 3
=======================================================
Ronda 5
Marco | nivel: 17, ataque: 15, defensa: 17, vida: 3, fp: 8
Estas ocupando a Marco
Presiona 0 para atacar, 1 para elegir un item y 2 para pasar
Boo no puede atacar a Marco!
Spiny ataca a Marco | Vida Previa Marco: 3, Vida Nueva Marco: 0
Los jugadores han perdido ;(!
=======================================================
Nivel de Batalla: 1
Marco | nivel: 17, ataque: 15, defensa: 17, vida: 69, fp: 8
Luis | nivel: 15, ataque: 17, defensa: 14, vida: 72, fp: 10
Estas ocupando a Marco
Presiona 0 para atacar, 1 para elegir un item y 2 para pasar
Presiona cualquiera de las teclas desde 1 hasta 3 para elegir al enemigo por atacar
1 Boo | nivel: 14, ataque: 18, defensa: 14, vida: 37
2 Spiny | nivel: 15, ataque: 17, defensa: 15, vida: 36
3 Goomba | nivel: 16, ataque: 16, defensa: 16, vida: 35
Elige el ataque: 1 para Martillo, 2 para Salto 
Marco ataca a Boo con Salto | Vida Previa Enemigo: 37, Vida Nueva Enemigo: 19
Estas ocupando a Luis
Presiona 0 para atacar, 1 para elegir un item y 2 para pasar
Presiona cualquiera de las teclas desde 1 hasta 3 para elegir al enemigo por atacar
1 Boo | nivel: 14, ataque: 18, defensa: 14, vida: 19
2 Spiny | nivel: 15, ataque: 17, defensa: 15, vida: 36
3 Goomba | nivel: 16, ataque: 16, defensa: 16, vida: 35
Elige el ataque: 1 para Martillo, 2 para Salto 
Luis ataca a Spiny con Martillo | Vida Previa Enemigo: 36, Vida Nueva Enemigo: 10
Boo ataca a Luis | Vida Previa Luis: 72, Vida Nueva Luis: 58
Spiny ataca a Luis | Vida Previa Luis: 58, Vida Nueva Luis: 44
Goomba ataca a Luis | Vida Previa Luis: 44, Vida Nueva Luis: 30
=======================================================
Ronda 2
Marco | nivel: 17, ataque: 15, defensa: 17, vida: 69, fp: 7
Luis | nivel: 15, ataque: 17, defensa: 14, vida: 30, fp: 8
Estas ocupando a Marco
Presiona 0 para atacar, 1 para elegir un item y 2 para pasar
Presiona cualquiera de las teclas desde 1 hasta 3 para elegir al enemigo por atacar
1 Boo | nivel: 14, ataque: 18, defensa: 14, vida: 19
2 Spiny | nivel: 15, ataque: 17, defensa: 15, vida: 10
3 Goomba | nivel: 16, ataque: 16, defensa: 16, vida: 35
Elige el ataque: 1 para Martillo, 2 para Salto 
Marco ataca a Boo con Salto | Vida Previa Enemigo: 19, Vida Nueva Enemigo: 1
Estas ocupando a Luis
Presiona 0 para atacar, 1 para elegir un item y 2 para pasar
Presiona cualquiera de las teclas desde 1 hasta 3 para elegir al enemigo por atacar
1 Boo | nivel: 14, ataque: 18, defensa: 14, vida: 1
2 Spiny | nivel: 15, ataque: 17, defensa: 15, vida: 10
3 Goomba | nivel: 16, ataque: 16, defensa: 16, vida: 35
Elige el ataque: 1 para Martillo, 2 para Salto 
Luis ataca a Spiny con Martillo | Vida Previa Enemigo: 10, Vida Nueva Enemigo: 0
Boo no puede atacar a Marco!
Goomba ataca a Luis | Vida Previa Luis: 30, Vida Nueva Luis: 16
=======================================================
Ronda 3
Marco | nivel: 17, ataque: 15, defensa: 17, vida: 69, fp: 6
Luis | nivel: 15, ataque: 17, defensa: 14, vida: 16, fp: 6
Estas ocupando a Marco
Presiona 0 para atacar, 1 para elegir un item y 2 para pasar
Presiona cualquiera de las teclas desde 1 hasta 2 para elegir al enemigo por atacar
1 Boo | nivel: 14, ataque: 18, defensa: 14, vida: 1
2 Goomba | nivel: 16, ataque: 16, defensa: 16, vida: 35
Elige el ataque: 1 para Martillo, 2 para Salto 
Marco ataca a Boo con Salto | Vida Previa Enemigo: 1, Vida Nueva Enemigo: 0
Estas ocupando a Luis
Presiona 0 para atacar, 1 para elegir un item y 2 para pasar
Presiona cualquiera de las teclas desde 1 hasta 1 para elegir al enemigo por atacar
1 Goomba | nivel: 16, ataque: 16, defensa: 16, vida: 35
Elige el ataque: 1 para Martillo, 2 para Salto 
Luis ataca a Goomba con Martillo pero el ataque falla
Goomba ataca a Marco | Vida Previa Marco: 69, Vida Nueva Marco: 58
=======================================================
Ronda 4
Marco | nivel: 17, ataque: 15, defensa: 17, vida: 58, fp: 5
Luis | nivel: 15, ataque: 17, defensa: 14, vida: 16, fp: 4
Estas ocupando a Marco
Presiona 0 para atacar, 1 para elegir un item y 2 para pasar
Presiona cualquiera de las teclas desde 1 hasta 1 para elegir al enemigo por atacar
1 Goomba | nivel: 16, ataque: 16, defensa: 16, vida: 35
Elige el ataque: 1 para Martillo, 2 para Salto 
Marco ataca a Goomba con Martillo | Vida Previa Enemigo: 35, Vida Nueva Enemigo: 11
Estas ocupando a Luis
Presiona 0 para atacar, 1 para elegir un item y 2 para pasar
Presiona cualquiera de las teclas desde 1 hasta 1 para elegir al enemigo por atacar
1 Goomba | nivel: 16, ataque: 16, defensa: 16, vida: 11
Elige el ataque: 1 para Martillo, 2 para Salto 
Luis ataca a Goomba con Martillo | Vida Previa Enemigo: 11, Vida Nueva Enemigo: 0
Los jugadores han ganado la batalla!
=======================================================
Nivel de Batalla: 2
Marco | nivel: 18, ataque: 17, defensa: 20, vida: 79, fp: 9
Luis | nivel: 16, ataque: 20, defensa: 16, vida: 83, fp: 12
Estas ocupando a Marco
Presiona 0 para atacar, 1 para elegir un item y 2 para pasar
Presiona cualquiera de las teclas desde 1 hasta 3 para elegir al enemigo por atacar
1 Boo | nivel: 16, ataque: 19, defensa: 18, vida: 41
2 Goomba | nivel: 15, ataque: 20, defensa: 17, vida: 42
3 Spiny | nivel: 15, ataque: 20, defensa: 17, vida: 42
Elige el ataque: 1 para Martillo, 2 para Salto 
Marco ataca a Boo con Salto | Vida Previa Enemigo: 41, Vida Nueva Enemigo: 24
Estas ocupando a Luis
Presiona 0 para atacar, 1 para elegir un item y 2 para pasar
Presiona cualquiera de las teclas desde 1 hasta 3 para elegir al enemigo por atacar
1 Boo | nivel: 16, ataque: 19, defensa: 18, vida: 24
2 Goomba | nivel: 15, ataque: 20, defensa: 17, vida: 42
3 Spiny | nivel: 15, ataque: 20, defensa: 17, vida: 42
Elige el ataque: 1 para Martillo, 2 para Salto 
Luis ataca a Goomba con Martillo | Vida Previa Enemigo: 42, Vida Nueva Enemigo: 13
Boo no puede atacar a Marco!
Goomba ataca a Marco | Vida Previa Marco: 79, Vida Nueva Marco: 68
Spiny ataca a Luis | Vida Previa Luis: 83, Vida Nueva Luis: 69
=======================================================
Ronda 2
Marco | nivel: 18, ataque: 17, defensa: 20, vida: 68, fp: 8
Luis | nivel: 16, ataque: 20, defensa: 16, vida: 69, fp: 10
Estas ocupando a Marco
Presiona 0 para atacar, 1 para elegir un item y 2 para pasar
Presiona cualquiera de las teclas desde 1 hasta 3 para elegir al enemigo por atacar
1 Boo | nivel: 16, ataque: 19, defensa: 18, vida: 24
2 Goomba | nivel: 15, ataque: 20, defensa: 17, vida: 13
3 Spiny | nivel: 15, ataque: 20, defensa: 17, vida: 42
Elige el ataque: 1 para Martillo, 2 para Salto 
Marco ataca a Boo con Salto | Vida Previa Enemigo: 24, Vida Nueva Enemigo: 7
Estas ocupando a Luis
Presiona 0 para atacar, 1 para elegir un item y 2 para pasar
Presiona cualquiera de las teclas desde 1 hasta 3 para elegir al enemigo por atacar
1 Boo | nivel: 16, ataque: 19, defensa: 18, vida: 7
2 Goomba | nivel: 15, ataque: 20, defensa: 17, vida: 13
3 Spiny | nivel: 15, ataque: 20, defensa: 17, vida: 42
Elige el ataque: 1 para Martillo, 2 para Salto 
Luis ataca a Goomba con Martillo | Vida Previa Enemigo: 13, Vida Nueva Enemigo: 0
Boo no puede atacar a Marco!
Spiny ataca a Marco | Vida Previa Marco: 68, Vida Nueva Marco: 57
=======================================================
Ronda 3
Marco | nivel: 18, ataque: 17, defensa: 20, vida: 57, fp: 7
Luis | nivel: 16, ataque: 20, defensa: 16, vida: 69, fp: 8
Estas ocupando a Marco
Presiona 0 para atacar, 1 para elegir un item y 2 para pasar
Presiona cualquiera de las teclas desde 1 hasta 2 para elegir al enemigo por atacar
1 Boo | nivel: 16, ataque: 19, defensa: 18, vida: 7
2 Spiny | nivel: 15, ataque: 20, defensa: 17, vida: 42
Elige el ataque: 1 para Martillo, 2 para Salto 
Marco ataca a Boo con Salto | Vida Previa Enemigo: 7, Vida Nueva Enemigo: 0
Estas ocupando a Luis
Presiona 0 para atacar, 1 para elegir un item y 2 para pasar
Presiona cualquiera de las teclas desde 1 hasta 1 para elegir al enemigo por atacar
1 Spiny | nivel: 15, ataque: 20, defensa: 17, vida: 42
Elige el ataque: 1 para Martillo, 2 para Salto 
Luis ataca a Spiny con Martillo | Vida Previa Enemigo: 42, Vida Nueva Enemigo: 13
Spiny ataca a Marco | Vida Previa Marco: 57, Vida Nueva Marco: 46
=======================================================
Ronda 4
Marco | nivel: 18, ataque: 17, defensa: 20, vida: 46, fp: 6
Luis | nivel: 16, ataque: 20, defensa: 16, vida: 69, fp: 6
Estas ocupando a Marco
Presiona 0 para atacar, 1 para elegir un item y 2 para pasar
Presiona cualquiera de las teclas desde 1 hasta 1 para elegir al enemigo por atacar
1 Spiny | nivel: 15, ataque: 20, defensa: 17, vida: 13
Elige el ataque: 1 para Martillo, 2 para Salto 
Marco ataca a Spiny con Martillo | Vida Previa Enemigo: 13, Vida Nueva Enemigo: 0
Los jugadores han ganado la batalla!
=======================================================
Nivel de Batalla: 3
Marco | nivel: 19, ataque: 20, defensa: 23, vida: 91, fp: 10
Luis | nivel: 17, ataque: 23, defensa: 18, vida: 95, fp: 14
Estas ocupando a Marco
Presiona 0 para atacar, 1 para elegir un item y 2 para pasar
Presiona cualquiera de las teclas desde 1 hasta 5 para elegir al enemigo por atacar
1 Spiny | nivel: 13, ataque: 22, defensa: 21, vida: 39
2 Goomba | nivel: 14, ataque: 21, defensa: 22, vida: 40
3 Spiny | nivel: 13, ataque: 22, defensa: 21, vida: 39
4 Goomba | nivel: 12, ataque: 22, defensa: 21, vida: 38
5 Goomba | nivel: 12, ataque: 22, defensa: 21, vida: 38
Elige el ataque: 1 para Martillo, 2 para Salto 
Marco ataca a Spiny con Martillo | Vida Previa Enemigo: 39, Vida Nueva Enemigo: 12
Estas ocupando a Luis
Presiona 0 para atacar, 1 para elegir un item y 2 para pasar
Presiona cualquiera de las teclas desde 1 hasta 5 para elegir al enemigo por atacar
1 Spiny | nivel: 13, ataque: 22, defensa: 21, vida: 12
2 Goomba | nivel: 14, ataque: 21, defensa: 22, vida: 40
3 Spiny | nivel: 13, ataque: 22, defensa: 21, vida: 39
4 Goomba | nivel: 12, ataque: 22, defensa: 21, vida: 38
5 Goomba | nivel: 12, ataque: 22, defensa: 21, vida: 38
Elige el ataque: 1 para Martillo, 2 para Salto 
Luis ataca a Spiny con Martillo | Vida Previa Enemigo: 12, Vida Nueva Enemigo: 0
Goomba ataca a Luis | Vida Previa Luis: 95, Vida Nueva Luis: 83
Spiny ataca a Marco | Vida Previa Marco: 91, Vida Nueva Marco: 82
Goomba ataca a Luis | Vida Previa Luis: 83, Vida Nueva Luis: 72
Goomba ataca a Marco | Vida Previa Marco: 82, Vida Nueva Marco: 74
=======================================================
Ronda 2
Marco | nivel: 19, ataque: 20, defensa: 23, vida: 74, fp: 8
Luis | nivel: 17, ataque: 23, defensa: 18, vida: 72, fp: 12
Estas ocupando a Marco
Presiona 0 para atacar, 1 para elegir un item y 2 para pasar
Presiona cualquiera de las teclas desde 1 hasta 4 para elegir al enemigo por atacar
1 Goomba | nivel: 14, ataque: 21, defensa: 22, vida: 40
2 Spiny | nivel: 13, ataque: 22, defensa: 21, vida: 39
3 Goomba | nivel: 12, ataque: 22, defensa: 21, vida: 38
4 Goomba | nivel: 12, ataque: 22, defensa: 21, vida: 38
Elige el ataque: 1 para Martillo, 2 para Salto 
Marco ataca a Goomba con Martillo | Vida Previa Enemigo: 40, Vida Nueva Enemigo: 14
Estas ocupando a Luis
Presiona 0 para atacar, 1 para elegir un item y 2 para pasar
Presiona cualquiera de las teclas desde 1 hasta 4 para elegir al enemigo por atacar
1 Goomba | nivel: 14, ataque: 21, defensa: 22, vida: 14
2 Spiny | nivel: 13, ataque: 22, defensa: 21, vida: 39
3 Goomba | nivel: 12, ataque: 22, defensa: 21, vida: 38
4 Goomba | nivel: 12, ataque: 22, defensa: 21, vida: 38
Elige el ataque: 1 para Martillo, 2 para Salto 
Luis ataca a Goomba con Martillo | Vida Previa Enemigo: 14, Vida Nueva Enemigo: 0
Spiny ataca a Luis | Vida Previa Luis: 72, Vida Nueva Luis: 60
Goomba ataca a Luis | Vida Previa Luis: 60, Vida Nueva Luis: 49
Goomba ataca a Luis | Vida Previa Luis: 49, Vida Nueva Luis: 38
=======================================================
Ronda 3
Marco | nivel: 19, ataque: 20, defensa: 23, vida: 74, fp: 6
Luis | nivel: 17, ataque: 23, defensa: 18, vida: 38, fp: 10
Estas ocupando a Marco
Presiona 0 para atacar, 1 para elegir un item y 2 para pasar
Presiona cualquiera de las teclas desde 1 hasta 3 para elegir al enemigo por atacar
1 Spiny | nivel: 13, ataque: 22, defensa: 21, vida: 39
2 Goomba | nivel: 12, ataque: 22, defensa: 21, vida: 38
3 Goomba | nivel: 12, ataque: 22, defensa: 21, vida: 38
Elige el ataque: 1 para Martillo, 2 para Salto 
Marco ataca a Spiny con Martillo | Vida Previa Enemigo: 39, Vida Nueva Enemigo: 12
Estas ocupando a Luis
Presiona 0 para atacar, 1 para elegir un item y 2 para pasar
Presiona cualquiera de las teclas desde 1 hasta 3 para elegir al enemigo por atacar
1 Spiny | nivel: 13, ataque: 22, defensa: 21, vida: 12
2 Goomba | nivel: 12, ataque: 22, defensa: 21, vida: 38
3 Goomba | nivel: 12, ataque: 22, defensa: 21, vida: 38
Elige el ataque: 1 para Martillo, 2 para Salto 
Luis ataca a Spiny con Martillo | Vida Previa Enemigo: 12, Vida Nueva Enemigo: 0
Goomba ataca a Marco | Vida Previa Marco: 74, Vida Nueva Marco: 66
Goomba ataca a Marco | Vida Previa Marco: 66, Vida Nueva Marco: 58
=======================================================
Ronda 4
Marco | nivel: 19, ataque: 20, defensa: 23, vida: 58, fp: 4
Luis | nivel: 17, ataque: 23, defensa: 18, vida: 38, fp: 8
Estas ocupando a Marco
Presiona 0 para atacar, 1 para elegir un item y 2 para pasar
Presiona cualquiera de las teclas desde 1 hasta 2 para elegir al enemigo por atacar
1 Goomba | nivel: 12, ataque: 22, defensa: 21, vida: 38
2 Goomba | nivel: 12, ataque: 22, defensa: 21, vida: 38
Elige el ataque: 1 para Martillo, 2 para Salto 
Marco ataca a Goomba con Martillo pero el ataque falla
Estas ocupando a Luis
Presiona 0 para atacar, 1 para elegir un item y 2 para pasar
Presiona cualquiera de las teclas desde 1 hasta 2 para elegir al enemigo por atacar
1 Goomba | nivel: 12, ataque: 22, defensa: 21, vida: 38
2 Goomba | nivel: 12, ataque: 22, defensa: 21, vida: 38
Elige el ataque: 1 para Martillo, 2 para Salto 
Luis ataca a Goomba con Martillo | Vida Previa Enemigo: 38, Vida Nueva Enemigo: 9
Goomba ataca a Marco | Vida Previa Marco: 58, Vida Nueva Marco: 50
Goomba ataca a Luis | Vida Previa Luis: 38, Vida Nueva Luis: 27
=======================================================
Ronda 5
Marco | nivel: 19, ataque: 20, defensa: 23, vida: 50, fp: 2
Luis | nivel: 17, ataque: 23, defensa: 18, vida: 27, fp: 6
Estas ocupando a Marco
Presiona 0 para atacar, 1 para elegir un item y 2 para pasar
Presiona cualquiera de las teclas desde 1 hasta 2 para elegir al enemigo por atacar
1 Goomba | nivel: 12, ataque: 22, defensa: 21, vida: 9
2 Goomba | nivel: 12, ataque: 22, defensa: 21, vida: 38
Elige el ataque: 1 para Martillo, 2 para Salto 
Marco ataca a Goomba con Martillo | Vida Previa Enemigo: 9, Vida Nueva Enemigo: 0
Estas ocupando a Luis
Presiona 0 para atacar, 1 para elegir un item y 2 para pasar
Presiona cualquiera de las teclas desde 1 hasta 1 para elegir al enemigo por atacar
1 Goomba | nivel: 12, ataque: 22, defensa: 21, vida: 38
Elige el ataque: 1 para Martillo, 2 para Salto 
Luis ataca a Goomba con Martillo | Vida Previa Enemigo: 38, Vida Nueva Enemigo: 9
Goomba ataca a Marco | Vida Previa Marco: 50, Vida Nueva Marco: 42
=======================================================
Ronda 6
Marco | nivel: 19, ataque: 20, defensa: 23, vida: 42, fp: 0
Luis | nivel: 17, ataque: 23, defensa: 18, vida: 27, fp: 4
Estas ocupando a Marco
Presiona 0 para atacar, 1 para elegir un item y 2 para pasar
Presiona 1 para ocupar HoneySyrup o 2 para ocupar RedMushroom
Inventario | HoneySyrup: 5, RedMushroom: 5
Marco ha usado HoneySyrup
Estas ocupando a Luis
Presiona 0 para atacar, 1 para elegir un item y 2 para pasar
Presiona cualquiera de las teclas desde 1 hasta 1 para elegir al enemigo por atacar
1 Goomba | nivel: 12, ataque: 22, defensa: 21, vida: 9
Elige el ataque: 1 para Martillo, 2 para Salto 
Luis ataca a Goomba con Martillo | Vida Previa Enemigo: 9, Vida Nueva Enemigo: 0
Los jugadores han ganado la batalla!
=======================================================
Nivel de Batalla: 4
Marco | nivel: 20, ataque: 23, defensa: 26, vida: 105, fp: 12
Luis | nivel: 18, ataque: 26, defensa: 21, vida: 109, fp: 16
Estas ocupando a Marco
Presiona 0 para atacar, 1 para elegir un item y 2 para pasar
Presiona cualquiera de las teclas desde 1 hasta 5 para elegir al enemigo por atacar
1 Goomba | nivel: 15, ataque: 24, defensa: 25, vida: 47
2 Spiny | nivel: 14, ataque: 25, defensa: 24, vida: 46
3 Spiny | nivel: 15, ataque: 24, defensa: 25, vida: 47
4 Boo | nivel: 14, ataque: 25, defensa: 24, vida: 46
5 Spiny | nivel: 15, ataque: 24, defensa: 25, vida: 47
Elige el ataque: 1 para Martillo, 2 para Salto 
Marco ataca a Boo con Salto | Vida Previa Enemigo: 46, Vida Nueva Enemigo: 27
Estas ocupando a Luis
Presiona 0 para atacar, 1 para elegir un item y 2 para pasar
Presiona cualquiera de las teclas desde 1 hasta 5 para elegir al enemigo por atacar
1 Goomba | nivel: 15, ataque: 24, defensa: 25, vida: 47
2 Spiny | nivel: 14, ataque: 25, defensa: 24, vida: 46
3 Spiny | nivel: 15, ataque: 24, defensa: 25, vida: 47
4 Boo | nivel: 14, ataque: 25, defensa: 24, vida: 27
5 Spiny | nivel: 15, ataque: 24, defensa: 25, vida: 47
Elige el ataque: 1 para Martillo, 2 para Salto 
Luis ataca a Goomba con Martillo | Vida Previa Enemigo: 47, Vida Nueva Enemigo: 18
Goomba ataca a Luis | Vida Previa Luis: 109, Vida Nueva Luis: 96
Spiny ataca a Luis | Vida Previa Luis: 96, Vida Nueva Luis: 83
Spiny ataca a Luis | Vida Previa Luis: 83, Vida Nueva Luis: 70
Boo no puede atacar a Marco!
Spiny ataca a Luis | Vida Previa Luis: 70, Vida Nueva Luis: 57
=======================================================
Ronda 2
Marco | nivel: 20, ataque: 23, defensa: 26, vida: 105, fp: 11
Luis | nivel: 18, ataque: 26, defensa: 21, vida: 57, fp: 14
Estas ocupando a Marco
Presiona 0 para atacar, 1 para elegir un item y 2 para pasar
Presiona cualquiera de las teclas desde 1 hasta 5 para elegir al enemigo por atacar
1 Goomba | nivel: 15, ataque: 24, defensa: 25, vida: 18
2 Spiny | nivel: 14, ataque: 25, defensa: 24, vida: 46
3 Spiny | nivel: 15, ataque: 24, defensa: 25, vida: 47
4 Boo | nivel: 14, ataque: 25, defensa: 24, vida: 27
5 Spiny | nivel: 15, ataque: 24, defensa: 25, vida: 47
Elige el ataque: 1 para Martillo, 2 para Salto 
Marco ataca a Goomba con Salto | Vida Previa Enemigo: 18, Vida Nueva Enemigo: 0
Estas ocupando a Luis
Presiona 0 para atacar, 1 para elegir un item y 2 para pasar
Presiona cualquiera de las teclas desde 1 hasta 4 para elegir al enemigo por atacar
1 Spiny | nivel: 14, ataque: 25, defensa: 24, vida: 46
2 Spiny | nivel: 15, ataque: 24, defensa: 25, vida: 47
3 Boo | nivel: 14, ataque: 25, defensa: 24, vida: 27
4 Spiny | nivel: 15, ataque: 24, defensa: 25, vida: 47
Elige el ataque: 1 para Martillo, 2 para Salto 
Luis ataca a Spiny con Martillo pero el ataque falla
Spiny ataca a Luis | Vida Previa Luis: 57, Vida Nueva Luis: 44
Spiny ataca a Marco | Vida Previa Marco: 105, Vida Nueva Marco: 94
Boo no puede atacar a Marco!
Spiny ataca a Luis | Vida Previa Luis: 44, Vida Nueva Luis: 31
=======================================================
Ronda 3
Marco | nivel: 20, ataque: 23, defensa: 26, vida: 94, fp: 10
Luis | nivel: 18, ataque: 26, defensa: 21, vida: 31, fp: 12
Estas ocupando a Marco
Presiona 0 para atacar, 1 para elegir un item y 2 para pasar
Presiona cualquiera de las teclas desde 1 hasta 4 para elegir al enemigo por atacar
1 Spiny | nivel: 14, ataque: 25, defensa: 24, vida: 46
2 Spiny | nivel: 15, ataque: 24, defensa: 25, vida: 47
3 Boo | nivel: 14, ataque: 25, defensa: 24, vida: 27
4 Spiny | nivel: 15, ataque: 24, defensa: 25, vida: 47
Elige el ataque: 1 para Martillo, 2 para Salto 
Marco ataca a Spiny con Martillo | Vida Previa Enemigo: 46, Vida Nueva Enemigo: 17
Estas ocupando a Luis
Presiona 0 para atacar, 1 para elegir un item y 2 para pasar
Presiona cualquiera de las teclas desde 1 hasta 4 para elegir al enemigo por atacar
1 Spiny | nivel: 14, ataque: 25, defensa: 24, vida: 17
2 Spiny | nivel: 15, ataque: 24, defensa: 25, vida: 47
3 Boo | nivel: 14, ataque: 25, defensa: 24, vida: 27
4 Spiny | nivel: 15, ataque: 24, defensa: 25, vida: 47
Elige el ataque: 1 para Martillo, 2 para Salto 
Luis ataca a Spiny con Martillo | Vida Previa Enemigo: 17, Vida Nueva Enemigo: 0
Spiny ataca a Luis | Vida Previa Luis: 31, Vida Nueva Luis: 18
Boo no puede atacar a Marco!
Spiny ataca a Marco | Vida Previa Marco: 94, Vida Nueva Marco: 83
=======================================================
Ronda 4
Marco | nivel: 20, ataque: 23, defensa: 26, vida: 83, fp: 8
Luis | nivel: 18, ataque: 26, defensa: 21, vida: 18, fp: 10
Estas ocupando a Marco
Presiona 0 para atacar, 1 para elegir un item y 2 para pasar
Presiona cualquiera de las teclas desde 1 hasta 3 para elegir al enemigo por atacar
1 Spiny | nivel: 15, ataque: 24, defensa: 25, vida: 47
2 Boo | nivel: 14, ataque: 25, defensa: 24, vida: 27
3 Spiny | nivel: 15, ataque: 24, defensa: 25, vida: 47
Elige el ataque: 1 para Martillo, 2 para Salto 
Marco ataca a Spiny con Martillo | Vida Previa Enemigo: 47, Vida Nueva Enemigo: 20
Estas ocupando a Luis
Presiona 0 para atacar, 1 para elegir un item y 2 para pasar
Presiona cualquiera de las teclas desde 1 hasta 3 para elegir al enemigo por atacar
1 Spiny | nivel: 15, ataque: 24, defensa: 25, vida: 20
2 Boo | nivel: 14, ataque: 25, defensa: 24, vida: 27
3 Spiny | nivel: 15, ataque: 24, defensa: 25, vida: 47
Elige el ataque: 1 para Martillo, 2 para Salto 
Luis ataca a Spiny con Martillo | Vida Previa Enemigo: 20, Vida Nueva Enemigo: 0
Boo no puede atacar a Marco!
Spiny ataca a Luis | Vida Previa Luis: 18, Vida Nueva Luis: 5
=======================================================
Ronda 5
Marco | nivel: 20, ataque: 23, defensa: 26, vida: 83, fp: 6
Luis | nivel: 18, ataque: 26, defensa: 21, vida: 5, fp: 8
Estas ocupando a Marco
Presiona 0 para atacar, 1 para elegir un item y 2 para pasar
Presiona cualquiera de las teclas desde 1 hasta 2 para elegir al enemigo por atacar
1 Boo | nivel: 14, ataque: 25, defensa: 24, vida: 27
2 Spiny | nivel: 15, ataque: 24, defensa: 25, vida: 47
Elige el ataque: 1 para Martillo, 2 para Salto 
Marco ataca a Spiny con Martillo pero el ataque falla
Estas ocupando a Luis
Presiona 0 para atacar, 1 para elegir un item y 2 para pasar
Presiona cualquiera de las teclas desde 1 hasta 2 para elegir al enemigo por atacar
1 Boo | nivel: 14, ataque: 25, defensa: 24, vida: 27
2 Spiny | nivel: 15, ataque: 24, defensa: 25, vida: 47
Elige el ataque: 1 para Martillo, 2 para Salto 
Luis ataca a Spiny con Martillo | Vida Previa Enemigo: 47, Vida Nueva Enemigo: 18
Boo no puede atacar a Marco!
Spiny ataca a Marco | Vida Previa Marco: 83, Vida Nueva Marco: 72
=======================================================
Ronda 6
Marco | nivel: 20, ataque: 23, defensa: 26, vida: 72, fp: 4
Luis | nivel: 18, ataque: 26, defensa: 21, vida: 5, fp: 6
Estas ocupando a Marco
Presiona 0 para atacar, 1 para elegir un item y 2 para pasar
Presiona cualquiera de las teclas desde 1 hasta 2 para elegir al enemigo por atacar
1 Boo | nivel: 14, ataque: 25, defensa: 24, vida: 27
2 Spiny | nivel: 15, ataque: 24, defensa: 25, vida: 18
Elige el ataque: 1 para Martillo, 2 para Salto 
Marco ataca a Spiny con Martillo pero el ataque falla
Estas ocupando a Luis
Presiona 0 para atacar, 1 para elegir un item y 2 para pasar
Presiona cualquiera de las teclas desde 1 hasta 2 para elegir al enemigo por atacar
1 Boo | nivel: 14, ataque: 25, defensa: 24, vida: 27
2 Spiny | nivel: 15, ataque: 24, defensa: 25, vida: 18
Elige el ataque: 1 para Martillo, 2 para Salto 
Luis ataca a Spiny con Martillo | Vida Previa Enemigo: 18, Vida Nueva Enemigo: 0
Boo ataca a Luis | Vida Previa Luis: 5, Vida Nueva Luis: 0
Boo no puede atacar a Marco!
=======================================================
Ronda 7
Marco | nivel: 20, ataque: 23, defensa: 26, vida: 72, fp: 2
Estas ocupando a Marco
Presiona 0 para atacar, 1 para elegir un item y 2 para pasar
Presiona cualquiera de las teclas desde 1 hasta 1 para elegir al enemigo por atacar
1 Boo | nivel: 14, ataque: 25, defensa: 24, vida: 27
Elige el ataque: 1 para Martillo, 2 para Salto 
Marco ataca a Boo con Salto | Vida Previa Enemigo: 27, Vida Nueva Enemigo: 8
Boo no puede atacar a Marco!
=======================================================
Ronda 8
Marco | nivel: 20, ataque: 23, defensa: 26, vida: 72, fp: 1
Estas ocupando a Marco
Presiona 0 para atacar, 1 para elegir un item y 2 para pasar
Presiona cualquiera de las teclas desde 1 hasta 1 para elegir al enemigo por atacar
1 Boo | nivel: 14, ataque: 25, defensa: 24, vida: 8
Elige el ataque: 1 para Martillo, 2 para Salto 
Marco ataca a Boo con Salto | Vida Previa Enemigo: 8, Vida Nueva Enemigo: 0
Los jugadores han ganado la batalla!
=======================================================
Nivel de Batalla: 5
Marco | nivel: 21, ataque: 26, defensa: 30, vida: 121, fp: 14
Luis | nivel: 19, ataque: 30, defensa: 24, vida: 125, fp: 18
Estas ocupando a Marco
Presiona 0 para atacar, 1 para elegir un item y 2 para pasar
Presiona cualquiera de las teclas desde 1 hasta 6 para elegir al enemigo por atacar
1 Goomba | nivel: 15, ataque: 28, defensa: 28, vida: 54
2 Goomba | nivel: 16, ataque: 27, defensa: 29, vida: 55
3 Goomba | nivel: 14, ataque: 28, defensa: 28, vida: 53
4 Goomba | nivel: 14, ataque: 28, defensa: 28, vida: 53
5 Boo | nivel: 12, ataque: 29, defensa: 27, vida: 51
6 Boo | nivel: 14, ataque: 28, defensa: 28, vida: 53
Elige el ataque: 1 para Martillo, 2 para Salto 
Marco ataca a Goomba con Martillo | Vida Previa Enemigo: 54, Vida Nueva Enemigo: 24
Estas ocupando a Luis
Presiona 0 para atacar, 1 para elegir un item y 2 para pasar
Presiona cualquiera de las teclas desde 1 hasta 6 para elegir al enemigo por atacar
1 Goomba | nivel: 15, ataque: 28, defensa: 28, vida: 24
2 Goomba | nivel: 16, ataque: 27, defensa: 29, vida: 55
3 Goomba | nivel: 14, ataque: 28, defensa: 28, vida: 53
4 Goomba | nivel: 14, ataque: 28, defensa: 28, vida: 53
5 Boo | nivel: 12, ataque: 29, defensa: 27, vida: 51
6 Boo | nivel: 14, ataque: 28, defensa: 28, vida: 53
Elige el ataque: 1 para Martillo, 2 para Salto 
Luis ataca a Goomba con Martillo | Vida Previa Enemigo: 24, Vida Nueva Enemigo: 0
Goomba ataca a Luis | Vida Previa Luis: 125, Vida Nueva Luis: 111
Goomba ataca a Luis | Vida Previa Luis: 111, Vida Nueva Luis: 99
Goomba ataca a Luis | Vida Previa Luis: 99, Vida Nueva Luis: 87
Boo ataca a Luis | Vida Previa Luis: 87, Vida Nueva Luis: 76
Boo ataca a Luis | Vida Previa Luis: 76, Vida Nueva Luis: 64
=======================================================
Ronda 2
Marco | nivel: 21, ataque: 26, defensa: 30, vida: 121, fp: 12
Luis | nivel: 19, ataque: 30, defensa: 24, vida: 64, fp: 16
Estas ocupando a Marco
Presiona 0 para atacar, 1 para elegir un item y 2 para pasar
Presiona cualquiera de las teclas desde 1 hasta 5 para elegir al enemigo por atacar
1 Goomba | nivel: 16, ataque: 27, defensa: 29, vida: 55
2 Goomba | nivel: 14, ataque: 28, defensa: 28, vida: 53
3 Goomba | nivel: 14, ataque: 28, defensa: 28, vida: 53
4 Boo | nivel: 12, ataque: 29, defensa: 27, vida: 51
5 Boo | nivel: 14, ataque: 28, defensa: 28, vida: 53
Elige el ataque: 1 para Martillo, 2 para Salto 
Marco ataca a Goomba con Martillo pero el ataque falla
Estas ocupando a Luis
Presiona 0 para atacar, 1 para elegir un item y 2 para pasar
Presiona cualquiera de las teclas desde 1 hasta 5 para elegir al enemigo por atacar
1 Goomba | nivel: 16, ataque: 27, defensa: 29, vida: 55
2 Goomba | nivel: 14, ataque: 28, defensa: 28, vida: 53
3 Goomba | nivel: 14, ataque: 28, defensa: 28, vida: 53
4 Boo | nivel: 12, ataque: 29, defensa: 27, vida: 51
5 Boo | nivel: 14, ataque: 28, defensa: 28, vida: 53
Elige el ataque: 1 para Martillo, 2 para Salto 
Luis ataca a Goomba con Martillo | Vida Previa Enemigo: 55, Vida Nueva Enemigo: 25
Goomba ataca a Luis | Vida Previa Luis: 64, Vida Nueva Luis: 50
Goomba ataca a Marco | Vida Previa Marco: 121, Vida Nueva Marco: 111
Goomba ataca a Marco | Vida Previa Marco: 111, Vida Nueva Marco: 101
Boo no puede atacar a Marco!
Boo ataca a Luis | Vida Previa Luis: 50, Vida Nueva Luis: 38
=======================================================
Ronda 3
Marco | nivel: 21, ataque: 26, defensa: 30, vida: 101, fp: 10
Luis | nivel: 19, ataque: 30, defensa: 24, vida: 38, fp: 14
Estas ocupando a Marco
Presiona 0 para atacar, 1 para elegir un item y 2 para pasar
Presiona cualquiera de las teclas desde 1 hasta 5 para elegir al enemigo por atacar
1 Goomba | nivel: 16, ataque: 27, defensa: 29, vida: 25
2 Goomba | nivel: 14, ataque: 28, defensa: 28, vida: 53
3 Goomba | nivel: 14, ataque: 28, defensa: 28, vida: 53
4 Boo | nivel: 12, ataque: 29, defensa: 27, vida: 51
5 Boo | nivel: 14, ataque: 28, defensa: 28, vida: 53
Elige el ataque: 1 para Martillo, 2 para Salto 
Marco ataca a Goomba con Martillo | Vida Previa Enemigo: 25, Vida Nueva Enemigo: 0
Estas ocupando a Luis
Presiona 0 para atacar, 1 para elegir un item y 2 para pasar
Presiona cualquiera de las teclas desde 1 hasta 4 para elegir al enemigo por atacar
1 Goomba | nivel: 14, ataque: 28, defensa: 28, vida: 53
2 Goomba | nivel: 14, ataque: 28, defensa: 28, vida: 53
3 Boo | nivel: 12, ataque: 29, defensa: 27, vida: 51
4 Boo | nivel: 14, ataque: 28, defensa: 28, vida: 53
Elige el ataque: 1 para Martillo, 2 para Salto 
Luis ataca a Goomba con Martillo | Vida Previa Enemigo: 53, Vida Nueva Enemigo: 23
Goomba ataca a Marco | Vida Previa Marco: 101, Vida Nueva Marco: 91
Goomba ataca a Luis | Vida Previa Luis: 38, Vida Nueva Luis: 26
Boo ataca a Luis | Vida Previa Luis: 26, Vida Nueva Luis: 15
Boo ataca a Luis | Vida Previa Luis: 15, Vida Nueva Luis: 3
=======================================================
Ronda 4
Marco | nivel: 21, ataque: 26, defensa: 30, vida: 91, fp: 8
Luis | nivel: 19, ataque: 30, defensa: 24, vida: 3, fp: 12
Estas ocupando a Marco
Presiona 0 para atacar, 1 para elegir un item y 2 para pasar
Presiona cualquiera de las teclas desde 1 hasta 4 para elegir al enemigo por atacar
1 Goomba | nivel: 14, ataque: 28, defensa: 28, vida: 23
2 Goomba | nivel: 14, ataque: 28, defensa: 28, vida: 53
3 Boo | nivel: 12, ataque: 29, defensa: 27, vida: 51
4 Boo | nivel: 14, ataque: 28, defensa: 28, vida: 53
Elige el ataque: 1 para Martillo, 2 para Salto 
Marco ataca a Goomba con Martillo pero el ataque falla
Estas ocupando a Luis
Presiona 0 para atacar, 1 para elegir un item y 2 para pasar
Presiona cualquiera de las teclas desde 1 hasta 4 para elegir al enemigo por atacar
1 Goomba | nivel: 14, ataque: 28, defensa: 28, vida: 23
2 Goomba | nivel: 14, ataque: 28, defensa: 28, vida: 53
3 Boo | nivel: 12, ataque: 29, defensa: 27, vida: 51
4 Boo | nivel: 14, ataque: 28, defensa: 28, vida: 53
Elige el ataque: 1 para Martillo, 2 para Salto 
Luis ataca a Goomba con Martillo | Vida Previa Enemigo: 23, Vida Nueva Enemigo: 0
Goomba ataca a Marco | Vida Previa Marco: 91, Vida Nueva Marco: 81
Boo no puede atacar a Marco!
Boo no puede atacar a Marco!
=======================================================
Ronda 5
Marco | nivel: 21, ataque: 26, defensa: 30, vida: 81, fp: 6
Luis | nivel: 19, ataque: 30, defensa: 24, vida: 3, fp: 10
Estas ocupando a Marco
Presiona 0 para atacar, 1 para elegir un item y 2 para pasar
Presiona cualquiera de las teclas desde 1 hasta 3 para elegir al enemigo por atacar
1 Goomba | nivel: 14, ataque: 28, defensa: 28, vida: 53
2 Boo | nivel: 12, ataque: 29, defensa: 27, vida: 51
3 Boo | nivel: 14, ataque: 28, defensa: 28, vida: 53
Elige el ataque: 1 para Martillo, 2 para Salto 
Marco ataca a Goomba con Salto | Vida Previa Enemigo: 53, Vida Nueva Enemigo: 33
Estas ocupando a Luis
Presiona 0 para atacar, 1 para elegir un item y 2 para pasar
Presiona cualquiera de las teclas desde 1 hasta 3 para elegir al enemigo por atacar
1 Goomba | nivel: 14, ataque: 28, defensa: 28, vida: 33
2 Boo | nivel: 12, ataque: 29, defensa: 27, vida: 51
3 Boo | nivel: 14, ataque: 28, defensa: 28, vida: 53
Elige el ataque: 1 para Martillo, 2 para Salto 
Luis ataca a Goomba con Salto | Vida Previa Enemigo: 33, Vida Nueva Enemigo: 13
Goomba ataca a Marco | Vida Previa Marco: 81, Vida Nueva Marco: 71
Boo ataca a Luis | Vida Previa Luis: 3, Vida Nueva Luis: 0
=======================================================
Ronda 6
Marco | nivel: 21, ataque: 26, defensa: 30, vida: 71, fp: 5
Estas ocupando a Marco
Presiona 0 para atacar, 1 para elegir un item y 2 para pasar
Presiona cualquiera de las teclas desde 1 hasta 3 para elegir al enemigo por atacar
1 Goomba | nivel: 14, ataque: 28, defensa: 28, vida: 13
2 Boo | nivel: 12, ataque: 29, defensa: 27, vida: 51
3 Boo | nivel: 14, ataque: 28, defensa: 28, vida: 53
Elige el ataque: 1 para Martillo, 2 para Salto 
Marco ataca a Goomba con Salto | Vida Previa Enemigo: 13, Vida Nueva Enemigo: 0
Boo no puede atacar a Marco!
Boo no puede atacar a Marco!
=======================================================
Ronda 7
Marco | nivel: 21, ataque: 26, defensa: 30, vida: 71, fp: 4
Estas ocupando a Marco
Presiona 0 para atacar, 1 para elegir un item y 2 para pasar
Presiona cualquiera de las teclas desde 1 hasta 2 para elegir al enemigo por atacar
1 Boo | nivel: 12, ataque: 29, defensa: 27, vida: 51
2 Boo | nivel: 14, ataque: 28, defensa: 28, vida: 53
Elige el ataque: 1 para Martillo, 2 para Salto 
Marco ataca a Boo con Martillo pero el ataque falla
Boo no puede atacar a Marco!
Boo no puede atacar a Marco!
=======================================================
Ronda 8
Marco | nivel: 21, ataque: 26, defensa: 30, vida: 71, fp: 2
Estas ocupando a Marco
Presiona 0 para atacar, 1 para elegir un item y 2 para pasar
Presiona cualquiera de las teclas desde 1 hasta 2 para elegir al enemigo por atacar
1 Boo | nivel: 12, ataque: 29, defensa: 27, vida: 51
2 Boo | nivel: 14, ataque: 28, defensa: 28, vida: 53
Elige el ataque: 1 para Martillo, 2 para Salto 
Marco ataca a Boo con Salto | Vida Previa Enemigo: 51, Vida Nueva Enemigo: 31
Boo no puede atacar a Marco!
Boo no puede atacar a Marco!
=======================================================
Ronda 9
Marco | nivel: 21, ataque: 26, defensa: 30, vida: 71, fp: 1
Estas ocupando a Marco
Presiona 0 para atacar, 1 para elegir un item y 2 para pasar
Presiona cualquiera de las teclas desde 1 hasta 2 para elegir al enemigo por atacar
1 Boo | nivel: 12, ataque: 29, defensa: 27, vida: 31
2 Boo | nivel: 14, ataque: 28, defensa: 28, vida: 53
Elige el ataque: 1 para Martillo, 2 para Salto 
Marco ataca a Boo con Salto | Vida Previa Enemigo: 31, Vida Nueva Enemigo: 11
Boo no puede atacar a Marco!
Boo no puede atacar a Marco!
=======================================================
Ronda 10
Marco | nivel: 21, ataque: 26, defensa: 30, vida: 71, fp: 0
Estas ocupando a Marco
Presiona 0 para atacar, 1 para elegir un item y 2 para pasar
Presiona 1 para ocupar HoneySyrup o 2 para ocupar RedMushroom
Inventario | HoneySyrup: 6, RedMushroom: 7
Marco ha usado HoneySyrup
Boo no puede atacar a Marco!
Boo no puede atacar a Marco!
=======================================================
Ronda 11
Marco | nivel: 21, ataque: 26, defensa: 30, vida: 71, fp: 3
Estas ocupando a Marco
Presiona 0 para atacar, 1 para elegir un item y 2 para pasar
Presiona cualquiera de las teclas desde 1 hasta 2 para elegir al enemigo por atacar
1 Boo | nivel: 12, ataque: 29, defensa: 27, vida: 11
2 Boo | nivel: 14, ataque: 28, defensa: 28, vida: 53
Elige el ataque: 1 para Martillo, 2 para Salto 
Marco ataca a Boo con Salto | Vida Previa Enemigo: 11, Vida Nueva Enemigo: 0
Boo no puede atacar a Marco!
=======================================================
Ronda 12
Marco | nivel: 21, ataque: 26, defensa: 30, vida: 71, fp: 2
Estas ocupando a Marco
Presiona 0 para atacar, 1 para elegir un item y 2 para pasar
Presiona cualquiera de las teclas desde 1 hasta 1 para elegir al enemigo por atacar
1 Boo | nivel: 14, ataque: 28, defensa: 28, vida: 53
Elige el ataque: 1 para Martillo, 2 para Salto 
Marco ataca a Boo con Salto | Vida Previa Enemigo: 53, Vida Nueva Enemigo: 33
Boo no puede atacar a Marco!
=======================================================
Ronda 13
Marco | nivel: 21, ataque: 26, defensa: 30, vida: 71, fp: 1
Estas ocupando a Marco
Presiona 0 para atacar, 1 para elegir un item y 2 para pasar
Presiona cualquiera de las teclas desde 1 hasta 1 para elegir al enemigo por atacar
1 Boo | nivel: 14, ataque: 28, defensa: 28, vida: 33
Elige el ataque: 1 para Martillo, 2 para Salto 
Marco ataca a Boo con Salto | Vida Previa Enemigo: 33, Vida Nueva Enemigo: 13
Boo no puede atacar a Marco!
=======================================================
Ronda 14
Marco | nivel: 21, ataque: 26, defensa: 30, vida: 71, fp: 0
Estas ocupando a Marco
Presiona 0 para atacar, 1 para elegir un item y 2 para pasar
Presiona 1 para ocupar HoneySyrup o 2 para ocupar RedMushroom
Inventario | HoneySyrup: 5, RedMushroom: 7
Marco ha usado HoneySyrup
Boo no puede atacar a Marco!
=======================================================
Ronda 15
Marco | nivel: 21, ataque: 26, defensa: 30, vida: 71, fp: 3
Estas ocupando a Marco
Presiona 0 para atacar, 1 para elegir un item y 2 para pasar
Presiona cualquiera de las teclas desde 1 hasta 1 para elegir al enemigo por atacar
1 Boo | nivel: 14, ataque: 28, defensa: 28, vida: 13
Elige el ataque: 1 para Martillo, 2 para Salto 
Marco ataca a Boo con Salto | Vida Previa Enemigo: 13, Vida Nueva Enemigo: 0
Los jugadores han ganado el juego!
Marco ha usado HoneySyrup
Marco ha usado HoneySyrup
Marco ha usado HoneySyrup
]]></system-out>
  <system-err><![CDATA[]]></system-err>
</testsuite>
