<?xml version="1.0" encoding="UTF-8"?>
<testsuite name="com.aventurasdemarcoyluis.abstract_classes.AbstractEntitiesTest" tests="4" skipped="0" failures="0" errors="0" timestamp="2021-09-30T03:25:53" hostname="LAPTOP-BPDICMJD" time="0.02">
  <properties/>
  <testcase name="getDamage()" classname="com.aventurasdemarcoyluis.abstract_classes.AbstractEntitiesTest" time="0.015"/>
  <testcase name="testHashCode()" classname="com.aventurasdemarcoyluis.abstract_classes.AbstractEntitiesTest" time="0.001"/>
  <testcase name="testEquals()" classname="com.aventurasdemarcoyluis.abstract_classes.AbstractEntitiesTest" time="0.002"/>
  <testcase name="isNotDead()" classname="com.aventurasdemarcoyluis.abstract_classes.AbstractEntitiesTest" time="0.001"/>
  <system-out><![CDATA[]]></system-out>
  <system-err><![CDATA[]]></system-err>
</testsuite>
