<?xml version="1.0" encoding="UTF-8"?>
<testsuite name="com.aventurasdemarcoyluis.abstract_classes.AbstractAttackTypeTest" tests="2" skipped="0" failures="0" errors="0" timestamp="2021-09-30T22:46:35" hostname="LAPTOP-BPDICMJD" time="0.001">
  <properties/>
  <testcase name="testHashCode()" classname="com.aventurasdemarcoyluis.abstract_classes.AbstractAttackTypeTest" time="0.0"/>
  <testcase name="testEquals()" classname="com.aventurasdemarcoyluis.abstract_classes.AbstractAttackTypeTest" time="0.0"/>
  <system-out><![CDATA[]]></system-out>
  <system-err><![CDATA[]]></system-err>
</testsuite>
