<?xml version="1.0" encoding="UTF-8"?>
<testsuite name="com.aventurasdemarcoyluis.abstract_classes.AbstractPlayerTest" tests="1" skipped="0" failures="0" errors="0" timestamp="2021-09-30T05:57:58" hostname="LAPTOP-BPDICMJD" time="0.015">
  <properties/>
  <testcase name="useStar()" classname="com.aventurasdemarcoyluis.abstract_classes.AbstractPlayerTest" time="0.015"/>
  <system-out><![CDATA[]]></system-out>
  <system-err><![CDATA[]]></system-err>
</testsuite>
