<?xml version="1.0" encoding="UTF-8"?>
<testsuite name="com.aventurasdemarcoyluis.abstract_classes.AbstractEntitiesTest" tests="1" skipped="0" failures="0" errors="0" timestamp="2021-09-29T04:22:14" hostname="LAPTOP-BPDICMJD" time="0.017">
  <properties/>
  <testcase name="testHashCode()" classname="com.aventurasdemarcoyluis.abstract_classes.AbstractEntitiesTest" time="0.017"/>
  <system-out><![CDATA[]]></system-out>
  <system-err><![CDATA[]]></system-err>
</testsuite>
