<?xml version="1.0" encoding="UTF-8"?>
<testsuite name="com.aventurasdemarcoyluis.model.abstract_classes.AbstractAttackTypeTest" tests="3" skipped="0" failures="0" errors="0" timestamp="2021-10-23T23:32:17" hostname="LAPTOP-BPDICMJD" time="0.054">
  <properties/>
  <testcase name="attackFailedTest()" classname="com.aventurasdemarcoyluis.model.abstract_classes.AbstractAttackTypeTest" time="0.041"/>
  <testcase name="testHashCode()" classname="com.aventurasdemarcoyluis.model.abstract_classes.AbstractAttackTypeTest" time="0.008"/>
  <testcase name="testEquals()" classname="com.aventurasdemarcoyluis.model.abstract_classes.AbstractAttackTypeTest" time="0.002"/>
  <system-out><![CDATA[]]></system-out>
  <system-err><![CDATA[]]></system-err>
</testsuite>
