<?xml version="1.0" encoding="UTF-8"?>
<testsuite name="com.aventurasdemarcoyluis.abstract_classes.AbstractPlayerTest" tests="10" skipped="0" failures="0" errors="0" timestamp="2021-10-01T05:44:22" hostname="LAPTOP-BPDICMJD" time="0.012">
  <properties/>
  <testcase name="useHoneySyrup()" classname="com.aventurasdemarcoyluis.abstract_classes.AbstractPlayerTest" time="0.002"/>
  <testcase name="useRedMushroom()" classname="com.aventurasdemarcoyluis.abstract_classes.AbstractPlayerTest" time="0.001"/>
  <testcase name="inventoryTest()" classname="com.aventurasdemarcoyluis.abstract_classes.AbstractPlayerTest" time="0.001"/>
  <testcase name="useFPtoAttack()" classname="com.aventurasdemarcoyluis.abstract_classes.AbstractPlayerTest" time="0.001"/>
  <testcase name="useStar()" classname="com.aventurasdemarcoyluis.abstract_classes.AbstractPlayerTest" time="0.001"/>
  <testcase name="damageThornsSpiny()" classname="com.aventurasdemarcoyluis.abstract_classes.AbstractPlayerTest" time="0.001"/>
  <testcase name="testHashCode()" classname="com.aventurasdemarcoyluis.abstract_classes.AbstractPlayerTest" time="0.0"/>
  <testcase name="enemyDoDamage()" classname="com.aventurasdemarcoyluis.abstract_classes.AbstractPlayerTest" time="0.0"/>
  <testcase name="testEquals()" classname="com.aventurasdemarcoyluis.abstract_classes.AbstractPlayerTest" time="0.001"/>
  <testcase name="enoughFP()" classname="com.aventurasdemarcoyluis.abstract_classes.AbstractPlayerTest" time="0.0"/>
  <system-out><![CDATA[Marco ha usado Honey Syrup
Luis ha usado Honey Syrup
Marco ha usado Red Mushroom
Luis ha usado Red Mushroom
Marco ha usado Honey Syrup
Marco ha usado Honey Syrup
Marco ha usado Honey Syrup
Marco ha usado Red Mushroom
Marco ha usado Red Mushroom
Marco ha usado Star
Luis ha usado Star
Marco ha usado Star
Marco ha usado Star
Marco ha usado Star
Marco ha usado Star
]]></system-out>
  <system-err><![CDATA[]]></system-err>
</testsuite>
