<?xml version="1.0" encoding="UTF-8"?>
<testsuite name="com.aventurasdemarcoyluis.model.enemies.BooTest" tests="3" skipped="0" failures="0" errors="0" timestamp="2021-11-09T02:17:04" hostname="LAPTOP-BPDICMJD" time="0.002">
  <properties/>
  <testcase name="attackTest()" classname="com.aventurasdemarcoyluis.model.enemies.BooTest" time="0.0"/>
  <testcase name="isBoo()" classname="com.aventurasdemarcoyluis.model.enemies.BooTest" time="0.0"/>
  <testcase name="isSpiny()" classname="com.aventurasdemarcoyluis.model.enemies.BooTest" time="0.0"/>
  <system-out><![CDATA[]]></system-out>
  <system-err><![CDATA[]]></system-err>
</testsuite>
