<?xml version="1.0" encoding="UTF-8"?>
<testsuite name="com.aventurasdemarcoyluis.model.enemies.GoombaTest" tests="1" skipped="0" failures="0" errors="0" timestamp="2021-10-23T23:32:17" hostname="LAPTOP-BPDICMJD" time="0.005">
  <properties/>
  <testcase name="attackTest()" classname="com.aventurasdemarcoyluis.model.enemies.GoombaTest" time="0.005"/>
  <system-out><![CDATA[Luis es atacado por Goomba y recibe 13 de daño
Luis es atacado por Goomba y recibe 13 de daño
Goomba no puede atacar
Marco es atacado por Goomba y recibe 7 de daño
Marco es atacado por Goomba y recibe 7 de daño
Marco es atacado por Goomba y recibe 7 de daño
]]></system-out>
  <system-err><![CDATA[]]></system-err>
</testsuite>
