<?xml version="1.0" encoding="UTF-8"?>
<testsuite name="com.aventurasdemarcoyluis.model.abstract_classes.AbstractEntitiesTest" tests="6" skipped="0" failures="0" errors="0" timestamp="2021-11-09T01:04:57" hostname="LAPTOP-BPDICMJD" time="0.013">
  <properties/>
  <testcase name="testHP()" classname="com.aventurasdemarcoyluis.model.abstract_classes.AbstractEntitiesTest" time="0.002"/>
  <testcase name="getNameTest()" classname="com.aventurasdemarcoyluis.model.abstract_classes.AbstractEntitiesTest" time="0.001"/>
  <testcase name="getDamage()" classname="com.aventurasdemarcoyluis.model.abstract_classes.AbstractEntitiesTest" time="0.001"/>
  <testcase name="testHashCode()" classname="com.aventurasdemarcoyluis.model.abstract_classes.AbstractEntitiesTest" time="0.001"/>
  <testcase name="testEquals()" classname="com.aventurasdemarcoyluis.model.abstract_classes.AbstractEntitiesTest" time="0.001"/>
  <testcase name="isNotDead()" classname="com.aventurasdemarcoyluis.model.abstract_classes.AbstractEntitiesTest" time="0.001"/>
  <system-out><![CDATA[]]></system-out>
  <system-err><![CDATA[]]></system-err>
</testsuite>
