<?xml version="1.0" encoding="UTF-8"?>
<testsuite name="com.aventurasdemarcoyluis.controller.GameControllerTest" tests="2" skipped="0" failures="0" errors="0" timestamp="2021-11-09T01:04:57" hostname="LAPTOP-BPDICMJD" time="0.118">
  <properties/>
  <testcase name="escenarioNotWinnable()" classname="com.aventurasdemarcoyluis.controller.GameControllerTest" time="0.089"/>
  <testcase name="escenarioWinnable()" classname="com.aventurasdemarcoyluis.controller.GameControllerTest" time="0.028"/>
  <system-out><![CDATA[]]></system-out>
  <system-err><![CDATA[]]></system-err>
</testsuite>
