<?xml version="1.0" encoding="UTF-8"?>
<testsuite name="com.aventurasdemarcoyluis.players.LuisTest" tests="4" skipped="0" failures="0" errors="0" timestamp="2021-10-01T04:28:08" hostname="LAPTOP-BPDICMJD" time="0.011">
  <properties/>
  <testcase name="attackTest()" classname="com.aventurasdemarcoyluis.players.LuisTest" time="0.007"/>
  <testcase name="attackedBySpinyTest()" classname="com.aventurasdemarcoyluis.players.LuisTest" time="0.001"/>
  <testcase name="attackedByGoombaTest()" classname="com.aventurasdemarcoyluis.players.LuisTest" time="0.0"/>
  <testcase name="attackedByBooTest()" classname="com.aventurasdemarcoyluis.players.LuisTest" time="0.001"/>
  <system-out><![CDATA[Spiny se protege con sus pinchos
Spiny se protege con sus pinchos
Spiny se protege con sus pinchos
]]></system-out>
  <system-err><![CDATA[]]></system-err>
</testsuite>
