<?xml version="1.0" encoding="UTF-8"?>
<testsuite name="com.aventurasdemarcoyluis.abstract_classes.AbstractEntitiesTest" tests="5" skipped="0" failures="0" errors="0" timestamp="2021-10-01T01:53:38" hostname="LAPTOP-BPDICMJD" time="0.007">
  <properties/>
  <testcase name="testHP()" classname="com.aventurasdemarcoyluis.abstract_classes.AbstractEntitiesTest" time="0.001"/>
  <testcase name="getDamage()" classname="com.aventurasdemarcoyluis.abstract_classes.AbstractEntitiesTest" time="0.001"/>
  <testcase name="testHashCode()" classname="com.aventurasdemarcoyluis.abstract_classes.AbstractEntitiesTest" time="0.001"/>
  <testcase name="testEquals()" classname="com.aventurasdemarcoyluis.abstract_classes.AbstractEntitiesTest" time="0.001"/>
  <testcase name="isNotDead()" classname="com.aventurasdemarcoyluis.abstract_classes.AbstractEntitiesTest" time="0.001"/>
  <system-out><![CDATA[]]></system-out>
  <system-err><![CDATA[]]></system-err>
</testsuite>
